<?xml version="1.0" encoding="UTF-8"?>
<!-- Generated by org.testng.reporters.JUnitReportReporter -->
<testsuite hostname="chenb-pc" name="com.jingoal.web.redis.common.test.RedisListenerTest" tests="1" failures="0" timestamp="20 Apr 2016 03:47:09 GMT" time="0.045" errors="0">
  <testcase name="sendMsgTest" time="0.045" classname="com.jingoal.web.redis.common.test.RedisListenerTest"/>
</testsuite> <!-- com.jingoal.web.redis.common.test.RedisListenerTest -->
